(standard input):Apr 02 18:10:28 proartp16 systemd-logind[1300]: New session c1 of user gdm.
(standard input):Apr 02 18:10:28 proartp16 (systemd)[2472]: pam_unix(systemd-user:session): session opened for user gdm(uid=132) by (uid=0)
(standard input):Apr 02 18:10:28 proartp16 systemd-logind[1300]: New session 1 of user gdm.
(standard input):Apr 02 18:10:28 proartp16 systemd[2472]: GNOME Initial Setup Copy Worker was skipped because of an unmet condition check (ConditionPathExists=!/run/gdm/.config/gnome-initial-setup-done).
(standard input):Apr 02 18:10:28 proartp16 systemd[1]: Started Session c1 of User gdm.
(standard input):Apr 02 18:10:28 proartp16 profile-sync-daemon[2488]:  First time running psd so please edit /run/gdm/.config/psd/psd.conf to your liking and run again.
(standard input):Apr 02 18:10:28 proartp16 /nix/store/l0vz0rv0zslpjqj8a3gz9y8nm5k79vn6-gdm-47.0/libexec/gdm-wayland-session[2497]: dbus-daemon[2497]: [session uid=132 pid=2497] Activating service name='org.freedesktop.systemd1' requested by ':1.2' (uid=132 pid=2500 comm="/nix/store/aqrxc7dzdjwkglzibc5jj915awz2cccm-gnome-" label="kernel")
(standard input):Apr 02 18:10:28 proartp16 /nix/store/l0vz0rv0zslpjqj8a3gz9y8nm5k79vn6-gdm-47.0/libexec/gdm-wayland-session[2497]: dbus-daemon[2497]: [session uid=132 pid=2497] Activated service 'org.freedesktop.systemd1' failed: Process org.freedesktop.systemd1 exited with status 1
(standard input):Apr 02 18:10:28 proartp16 gnome-session[2500]: gnome-session-binary[2500]: WARNING: Could not check if unit gnome-session-wayland@gnome-login.target is active: Error calling StartServiceByName for org.freedesktop.systemd1: Process org.freedesktop.systemd1 exited with status 1
(standard input):Apr 02 18:10:28 proartp16 gnome-session-binary[2500]: WARNING: Could not check if unit gnome-session-wayland@gnome-login.target is active: Error calling StartServiceByName for org.freedesktop.systemd1: Process org.freedesktop.systemd1 exited with status 1
(standard input):Apr 02 18:10:28 proartp16 gnome-session[2500]: gnome-session-binary[2500]: WARNING: Desktop file /nix/store/l0vz0rv0zslpjqj8a3gz9y8nm5k79vn6-gdm-47.0/share/gdm/greeter/autostart/orca-autostart.desktop for application orca-autostart.desktop could not be parsed or references a missing TryExec binary
(standard input):Apr 02 18:10:28 proartp16 gnome-session-binary[2500]: WARNING: Desktop file /nix/store/l0vz0rv0zslpjqj8a3gz9y8nm5k79vn6-gdm-47.0/share/gdm/greeter/autostart/orca-autostart.desktop for application orca-autostart.desktop could not be parsed or references a missing TryExec binary
(standard input):Apr 02 18:10:28 proartp16 .gnome-shell-wr[2550]: Running GNOME Shell (using mutter 47.5) as a Wayland display server
(standard input):Apr 02 18:10:29 proartp16 /nix/store/l0vz0rv0zslpjqj8a3gz9y8nm5k79vn6-gdm-47.0/libexec/gdm-wayland-session[2497]: dbus-daemon[2497]: [session uid=132 pid=2497] Activating service name='ca.desrt.dconf' requested by ':1.2' (uid=132 pid=2500 comm="/nix/store/aqrxc7dzdjwkglzibc5jj915awz2cccm-gnome-" label="kernel")
(standard input):Apr 02 18:10:29 proartp16 /nix/store/l0vz0rv0zslpjqj8a3gz9y8nm5k79vn6-gdm-47.0/libexec/gdm-wayland-session[2497]: dbus-daemon[2497]: [session uid=132 pid=2497] Successfully activated service 'ca.desrt.dconf'
(standard input):Apr 02 18:10:29 proartp16 gdm[2353]: Gdm: GdmDisplay: Session never registered, failing
(standard input):Apr 02 18:10:29 proartp16 gdm[2353]: Gdm: GdmDisplay: Session never registered, failing
(standard input):Apr 02 18:10:29 proartp16 systemd-logind[1300]: New session c2 of user gdm.
(standard input):Apr 02 18:10:29 proartp16 systemd[1]: Started Session c2 of User gdm.
Apr 02 18:10:28 proartp16 systemd-logind[1300]: New session c1 of user gdm.
Apr 02 18:10:28 proartp16 (systemd)[2472]: pam_unix(systemd-user:session): session opened for user gdm(uid=132) by (uid=0)
Apr 02 18:10:28 proartp16 systemd-logind[1300]: New session 1 of user gdm.
Apr 02 18:10:28 proartp16 systemd[2472]: GNOME Initial Setup Copy Worker was skipped because of an unmet condition check (ConditionPathExists=!/run/gdm/.config/gnome-initial-setup-done).
Apr 02 18:10:28 proartp16 systemd[1]: Started Session c1 of User gdm.
Apr 02 18:10:28 proartp16 profile-sync-daemon[2488]:  First time running psd so please edit /run/gdm/.config/psd/psd.conf to your liking and run again.
Apr 02 18:10:28 proartp16 /nix/store/l0vz0rv0zslpjqj8a3gz9y8nm5k79vn6-gdm-47.0/libexec/gdm-wayland-session[2497]: dbus-daemon[2497]: [session uid=132 pid=2497] Activating service name='org.freedesktop.systemd1' requested by ':1.2' (uid=132 pid=2500 comm="/nix/store/aqrxc7dzdjwkglzibc5jj915awz2cccm-gnome-" label="kernel")
Apr 02 18:10:28 proartp16 /nix/store/l0vz0rv0zslpjqj8a3gz9y8nm5k79vn6-gdm-47.0/libexec/gdm-wayland-session[2497]: dbus-daemon[2497]: [session uid=132 pid=2497] Activated service 'org.freedesktop.systemd1' failed: Process org.freedesktop.systemd1 exited with status 1
Apr 02 18:10:28 proartp16 gnome-session[2500]: gnome-session-binary[2500]: WARNING: Could not check if unit gnome-session-wayland@gnome-login.target is active: Error calling StartServiceByName for org.freedesktop.systemd1: Process org.freedesktop.systemd1 exited with status 1
Apr 02 18:10:28 proartp16 gnome-session-binary[2500]: WARNING: Could not check if unit gnome-session-wayland@gnome-login.target is active: Error calling StartServiceByName for org.freedesktop.systemd1: Process org.freedesktop.systemd1 exited with status 1
Apr 02 18:10:28 proartp16 gnome-session[2500]: gnome-session-binary[2500]: WARNING: Desktop file /nix/store/l0vz0rv0zslpjqj8a3gz9y8nm5k79vn6-gdm-47.0/share/gdm/greeter/autostart/orca-autostart.desktop for application orca-autostart.desktop could not be parsed or references a missing TryExec binary
Apr 02 18:10:28 proartp16 gnome-session-binary[2500]: WARNING: Desktop file /nix/store/l0vz0rv0zslpjqj8a3gz9y8nm5k79vn6-gdm-47.0/share/gdm/greeter/autostart/orca-autostart.desktop for application orca-autostart.desktop could not be parsed or references a missing TryExec binary
Apr 02 18:10:28 proartp16 .gnome-shell-wr[2550]: Running GNOME Shell (using mutter 47.5) as a Wayland display server
Apr 02 18:10:28 proartp16 dbus-daemon[1255]: [system] Activating via systemd: service name='org.freedesktop.RealtimeKit1' unit='rtkit-daemon.service' requested by ':1.22' (uid=132 pid=2550 comm="/nix/store/mdh892yri03gfhj5vk9vdix1lwfi6hik-gnome-" label="kernel")
Apr 02 18:10:28 proartp16 .gnome-shell-wr[2550]: Failed to open gpu '/dev/dri/card1': GDBus.Error:System.Error.EBUSY: Device or resource busy
Apr 02 18:10:29 proartp16 .gnome-shell-wr[2550]: Thread 'KMS thread' will be using high priority scheduling
Apr 02 18:10:29 proartp16 org.gnome.Shell.desktop[2550]: Failed to setup: No GPUs found
Apr 02 18:10:29 proartp16 gnome-session[2500]: gnome-session-binary[2500]: WARNING: App 'org.gnome.Shell.desktop' exited with code 1
Apr 02 18:10:29 proartp16 gnome-session-binary[2500]: WARNING: App 'org.gnome.Shell.desktop' exited with code 1
Apr 02 18:10:29 proartp16 gnome-session-binary[2500]: Unrecoverable failure in required component org.gnome.Shell.desktop
Apr 02 18:10:29 proartp16 /nix/store/l0vz0rv0zslpjqj8a3gz9y8nm5k79vn6-gdm-47.0/libexec/gdm-wayland-session[2497]: dbus-daemon[2497]: [session uid=132 pid=2497] Activating service name='ca.desrt.dconf' requested by ':1.2' (uid=132 pid=2500 comm="/nix/store/aqrxc7dzdjwkglzibc5jj915awz2cccm-gnome-" label="kernel")
Apr 02 18:10:29 proartp16 /nix/store/l0vz0rv0zslpjqj8a3gz9y8nm5k79vn6-gdm-47.0/libexec/gdm-wayland-session[2497]: dbus-daemon[2497]: [session uid=132 pid=2497] Successfully activated service 'ca.desrt.dconf'
Apr 02 18:10:29 proartp16 gdm[2353]: Gdm: GdmDisplay: Session never registered, failing
Apr 02 18:10:29 proartp16 gdm[2353]: Gdm: GdmDisplay: Session never registered, failing
Apr 02 18:10:29 proartp16 systemd-logind[1300]: New session c2 of user gdm.
Apr 02 18:10:29 proartp16 systemd[1]: Started Session c2 of User gdm.
Apr 02 18:10:47 proartp16 systemd[2926]: GNOME Initial Setup Copy Worker was skipped because of an unmet condition check (ConditionPathExists=!/home/eugene/.config/gnome-initial-setup-done).
Apr 02 18:10:47 proartp16 login[2098]: gkr-pam: gnome-keyring-daemon started properly and unlocked keyring
Apr 02 18:22:50 proartp16 systemd-logind[1323]: New session c1 of user gdm.
Apr 02 18:22:50 proartp16 (systemd)[2492]: pam_unix(systemd-user:session): session opened for user gdm(uid=132) by (uid=0)
Apr 02 18:22:50 proartp16 systemd-logind[1323]: New session 1 of user gdm.
Apr 02 18:22:50 proartp16 systemd[2492]: GNOME Initial Setup Copy Worker was skipped because of an unmet condition check (ConditionPathExists=!/run/gdm/.config/gnome-initial-setup-done).
Apr 02 18:22:50 proartp16 systemd[1]: Started Session c1 of User gdm.
Apr 02 18:22:50 proartp16 profile-sync-daemon[2509]:  First time running psd so please edit /run/gdm/.config/psd/psd.conf to your liking and run again.
Apr 02 18:22:50 proartp16 /nix/store/l0vz0rv0zslpjqj8a3gz9y8nm5k79vn6-gdm-47.0/libexec/gdm-wayland-session[2518]: dbus-daemon[2518]: [session uid=132 pid=2518] Activating service name='org.freedesktop.systemd1' requested by ':1.2' (uid=132 pid=2521 comm="/nix/store/aqrxc7dzdjwkglzibc5jj915awz2cccm-gnome-" label="kernel")
Apr 02 18:22:50 proartp16 /nix/store/l0vz0rv0zslpjqj8a3gz9y8nm5k79vn6-gdm-47.0/libexec/gdm-wayland-session[2518]: dbus-daemon[2518]: [session uid=132 pid=2518] Activated service 'org.freedesktop.systemd1' failed: Process org.freedesktop.systemd1 exited with status 1
Apr 02 18:22:50 proartp16 gnome-session[2521]: gnome-session-binary[2521]: WARNING: Could not check if unit gnome-session-wayland@gnome-login.target is active: Error calling StartServiceByName for org.freedesktop.systemd1: Process org.freedesktop.systemd1 exited with status 1
Apr 02 18:22:50 proartp16 gnome-session-binary[2521]: WARNING: Could not check if unit gnome-session-wayland@gnome-login.target is active: Error calling StartServiceByName for org.freedesktop.systemd1: Process org.freedesktop.systemd1 exited with status 1
Apr 02 18:22:50 proartp16 gnome-session[2521]: gnome-session-binary[2521]: WARNING: Desktop file /nix/store/l0vz0rv0zslpjqj8a3gz9y8nm5k79vn6-gdm-47.0/share/gdm/greeter/autostart/orca-autostart.desktop for application orca-autostart.desktop could not be parsed or references a missing TryExec binary
Apr 02 18:22:50 proartp16 gnome-session-binary[2521]: WARNING: Desktop file /nix/store/l0vz0rv0zslpjqj8a3gz9y8nm5k79vn6-gdm-47.0/share/gdm/greeter/autostart/orca-autostart.desktop for application orca-autostart.desktop could not be parsed or references a missing TryExec binary
Apr 02 18:22:50 proartp16 .gnome-shell-wr[2572]: Running GNOME Shell (using mutter 47.5) as a Wayland display server
Apr 02 18:22:50 proartp16 dbus-daemon[1274]: [system] Activating via systemd: service name='org.freedesktop.RealtimeKit1' unit='rtkit-daemon.service' requested by ':1.21' (uid=132 pid=2572 comm="/nix/store/mdh892yri03gfhj5vk9vdix1lwfi6hik-gnome-" label="kernel")
Apr 02 18:22:50 proartp16 .gnome-shell-wr[2572]: Failed to open gpu '/dev/dri/card1': GDBus.Error:System.Error.EBUSY: Device or resource busy
Apr 02 18:22:50 proartp16 .gnome-shell-wr[2572]: Thread 'KMS thread' will be using high priority scheduling
Apr 02 18:22:50 proartp16 org.gnome.Shell.desktop[2572]: Failed to setup: No GPUs found
Apr 02 18:22:50 proartp16 gnome-session[2521]: gnome-session-binary[2521]: WARNING: App 'org.gnome.Shell.desktop' exited with code 1
Apr 02 18:22:50 proartp16 gnome-session-binary[2521]: WARNING: App 'org.gnome.Shell.desktop' exited with code 1
Apr 02 18:22:50 proartp16 gnome-session-binary[2521]: Unrecoverable failure in required component org.gnome.Shell.desktop
Apr 02 18:22:50 proartp16 /nix/store/l0vz0rv0zslpjqj8a3gz9y8nm5k79vn6-gdm-47.0/libexec/gdm-wayland-session[2518]: dbus-daemon[2518]: [session uid=132 pid=2518] Activating service name='ca.desrt.dconf' requested by ':1.2' (uid=132 pid=2521 comm="/nix/store/aqrxc7dzdjwkglzibc5jj915awz2cccm-gnome-" label="kernel")
Apr 02 18:22:50 proartp16 /nix/store/l0vz0rv0zslpjqj8a3gz9y8nm5k79vn6-gdm-47.0/libexec/gdm-wayland-session[2518]: dbus-daemon[2518]: [session uid=132 pid=2518] Successfully activated service 'ca.desrt.dconf'
Apr 02 18:22:50 proartp16 gdm[2375]: Gdm: GdmDisplay: Session never registered, failing
Apr 02 18:22:50 proartp16 gdm[2375]: Gdm: Child process -2510 was already dead.
Apr 02 18:22:50 proartp16 gdm[2375]: Gdm: GdmDisplay: Session never registered, failing
Apr 02 18:22:50 proartp16 gdm[2375]: Gdm: Child process -2510 was already dead.
Apr 02 18:22:50 proartp16 systemd-logind[1323]: New session c2 of user gdm.
Apr 02 18:22:51 proartp16 systemd[1]: Started Session c2 of User gdm.
Apr 02 18:22:59 proartp16 systemd[2873]: GNOME Initial Setup Copy Worker was skipped because of an unmet condition check (ConditionPathExists=!/home/eugene/.config/gnome-initial-setup-done).
Apr 02 18:22:59 proartp16 login[1886]: gkr-pam: gnome-keyring-daemon started properly and unlocked keyring
(standard input):Apr 02 18:22:50 proartp16 systemd-logind[1323]: New session c1 of user gdm.
(standard input):Apr 02 18:22:50 proartp16 (systemd)[2492]: pam_unix(systemd-user:session): session opened for user gdm(uid=132) by (uid=0)
(standard input):Apr 02 18:22:50 proartp16 systemd-logind[1323]: New session 1 of user gdm.
(standard input):Apr 02 18:22:50 proartp16 systemd[2492]: GNOME Initial Setup Copy Worker was skipped because of an unmet condition check (ConditionPathExists=!/run/gdm/.config/gnome-initial-setup-done).
(standard input):Apr 02 18:22:50 proartp16 systemd[1]: Started Session c1 of User gdm.
(standard input):Apr 02 18:22:50 proartp16 profile-sync-daemon[2509]:  First time running psd so please edit /run/gdm/.config/psd/psd.conf to your liking and run again.
(standard input):Apr 02 18:22:50 proartp16 /nix/store/l0vz0rv0zslpjqj8a3gz9y8nm5k79vn6-gdm-47.0/libexec/gdm-wayland-session[2518]: dbus-daemon[2518]: [session uid=132 pid=2518] Activating service name='org.freedesktop.systemd1' requested by ':1.2' (uid=132 pid=2521 comm="/nix/store/aqrxc7dzdjwkglzibc5jj915awz2cccm-gnome-" label="kernel")
(standard input):Apr 02 18:22:50 proartp16 /nix/store/l0vz0rv0zslpjqj8a3gz9y8nm5k79vn6-gdm-47.0/libexec/gdm-wayland-session[2518]: dbus-daemon[2518]: [session uid=132 pid=2518] Activated service 'org.freedesktop.systemd1' failed: Process org.freedesktop.systemd1 exited with status 1
(standard input):Apr 02 18:22:50 proartp16 gnome-session[2521]: gnome-session-binary[2521]: WARNING: Could not check if unit gnome-session-wayland@gnome-login.target is active: Error calling StartServiceByName for org.freedesktop.systemd1: Process org.freedesktop.systemd1 exited with status 1
(standard input):Apr 02 18:22:50 proartp16 gnome-session-binary[2521]: WARNING: Could not check if unit gnome-session-wayland@gnome-login.target is active: Error calling StartServiceByName for org.freedesktop.systemd1: Process org.freedesktop.systemd1 exited with status 1
(standard input):Apr 02 18:22:50 proartp16 gnome-session[2521]: gnome-session-binary[2521]: WARNING: Desktop file /nix/store/l0vz0rv0zslpjqj8a3gz9y8nm5k79vn6-gdm-47.0/share/gdm/greeter/autostart/orca-autostart.desktop for application orca-autostart.desktop could not be parsed or references a missing TryExec binary
(standard input):Apr 02 18:22:50 proartp16 gnome-session-binary[2521]: WARNING: Desktop file /nix/store/l0vz0rv0zslpjqj8a3gz9y8nm5k79vn6-gdm-47.0/share/gdm/greeter/autostart/orca-autostart.desktop for application orca-autostart.desktop could not be parsed or references a missing TryExec binary
(standard input):Apr 02 18:22:50 proartp16 .gnome-shell-wr[2572]: Running GNOME Shell (using mutter 47.5) as a Wayland display server
(standard input):Apr 02 18:22:50 proartp16 /nix/store/l0vz0rv0zslpjqj8a3gz9y8nm5k79vn6-gdm-47.0/libexec/gdm-wayland-session[2518]: dbus-daemon[2518]: [session uid=132 pid=2518] Activating service name='ca.desrt.dconf' requested by ':1.2' (uid=132 pid=2521 comm="/nix/store/aqrxc7dzdjwkglzibc5jj915awz2cccm-gnome-" label="kernel")
(standard input):Apr 02 18:22:50 proartp16 /nix/store/l0vz0rv0zslpjqj8a3gz9y8nm5k79vn6-gdm-47.0/libexec/gdm-wayland-session[2518]: dbus-daemon[2518]: [session uid=132 pid=2518] Successfully activated service 'ca.desrt.dconf'
(standard input):Apr 02 18:22:50 proartp16 gdm[2375]: Gdm: GdmDisplay: Session never registered, failing
(standard input):Apr 02 18:22:50 proartp16 gdm[2375]: Gdm: Child process -2510 was already dead.
(standard input):Apr 02 18:22:50 proartp16 gdm[2375]: Gdm: GdmDisplay: Session never registered, failing
(standard input):Apr 02 18:22:50 proartp16 gdm[2375]: Gdm: Child process -2510 was already dead.
(standard input):Apr 02 18:22:50 proartp16 systemd-logind[1323]: New session c2 of user gdm.
(standard input):Apr 02 18:22:51 proartp16 systemd[1]: Started Session c2 of User gdm.
